device cuda
checkpoint path=run/20260428_031026_COnP/checkpoints/best_model_epoch0128_COnP0.7952.pt epoch=128 best_conp=0.7951849652807437 best_onset=0.5 best_frame=0.4
threshold grid 20 x 20 = 400
val_threshold [001/400] on=0.05 fr=0.05 COn=0.756677 COnP=0.741243 COnPOff=0.246744 combo=1.72s elapsed=18.2s
val_threshold [002/400] on=0.05 fr=0.10 COn=0.771224 COnP=0.756059 COnPOff=0.299547 combo=1.68s elapsed=19.9s
val_threshold [003/400] on=0.05 fr=0.15 COn=0.779406 COnP=0.763990 COnPOff=0.337007 combo=1.93s elapsed=21.8s
val_threshold [004/400] on=0.05 fr=0.20 COn=0.784650 COnP=0.769464 COnPOff=0.369770 combo=1.65s elapsed=23.5s
val_threshold [005/400] on=0.05 fr=0.25 COn=0.788703 COnP=0.773556 COnPOff=0.396421 combo=1.67s elapsed=25.1s
val_threshold [006/400] on=0.05 fr=0.30 COn=0.791441 COnP=0.776172 COnPOff=0.419197 combo=1.64s elapsed=26.8s
val_threshold [007/400] on=0.05 fr=0.35 COn=0.793843 COnP=0.778529 COnPOff=0.440827 combo=1.64s elapsed=28.4s
val_threshold [008/400] on=0.05 fr=0.40 COn=0.796486 COnP=0.780563 COnPOff=0.460537 combo=1.63s elapsed=30.0s
val_threshold [009/400] on=0.05 fr=0.45 COn=0.797939 COnP=0.782223 COnPOff=0.479703 combo=1.62s elapsed=31.7s
val_threshold [010/400] on=0.05 fr=0.50 COn=0.798916 COnP=0.783117 COnPOff=0.495987 combo=1.63s elapsed=33.3s
val_threshold [011/400] on=0.05 fr=0.55 COn=0.798997 COnP=0.783736 COnPOff=0.511173 combo=1.62s elapsed=34.9s
val_threshold [012/400] on=0.05 fr=0.60 COn=0.798669 COnP=0.783423 COnPOff=0.525688 combo=1.61s elapsed=36.5s
val_threshold [013/400] on=0.05 fr=0.65 COn=0.798008 COnP=0.783118 COnPOff=0.537601 combo=1.60s elapsed=38.1s
val_threshold [014/400] on=0.05 fr=0.70 COn=0.795781 COnP=0.782683 COnPOff=0.547369 combo=1.59s elapsed=39.7s
val_threshold [015/400] on=0.05 fr=0.75 COn=0.791891 COnP=0.780637 COnPOff=0.555953 combo=1.87s elapsed=41.6s
val_threshold [016/400] on=0.05 fr=0.80 COn=0.786542 COnP=0.776489 COnPOff=0.559886 combo=1.59s elapsed=43.2s
val_threshold [017/400] on=0.05 fr=0.85 COn=0.779935 COnP=0.770897 COnPOff=0.557371 combo=1.59s elapsed=44.8s
val_threshold [018/400] on=0.05 fr=0.90 COn=0.767954 COnP=0.761476 COnPOff=0.549263 combo=1.56s elapsed=46.3s
val_threshold [019/400] on=0.05 fr=0.95 COn=0.738868 COnP=0.734622 COnPOff=0.496823 combo=1.52s elapsed=47.8s
val_threshold [020/400] on=0.05 fr=1.00 COn=0.000000 COnP=0.000000 COnPOff=0.000000 combo=1.10s elapsed=48.9s
searched onset=0.05; current best onset=0.05 frame=0.55 val_COnP=0.783736
val_threshold [021/400] on=0.10 fr=0.05 COn=0.768370 COnP=0.756244 COnPOff=0.252620 combo=1.74s elapsed=50.7s
val_threshold [022/400] on=0.10 fr=0.10 COn=0.780262 COnP=0.768002 COnPOff=0.306278 combo=1.71s elapsed=52.4s
val_threshold [023/400] on=0.10 fr=0.15 COn=0.787678 COnP=0.775104 COnPOff=0.344066 combo=1.70s elapsed=54.1s
val_threshold [024/400] on=0.10 fr=0.20 COn=0.793126 COnP=0.780020 COnPOff=0.377576 combo=1.70s elapsed=55.8s
val_threshold [025/400] on=0.10 fr=0.25 COn=0.797167 COnP=0.783501 COnPOff=0.404342 combo=1.68s elapsed=57.5s
val_threshold [026/400] on=0.10 fr=0.30 COn=0.800041 COnP=0.785969 COnPOff=0.427885 combo=1.67s elapsed=59.1s
val_threshold [027/400] on=0.10 fr=0.35 COn=0.802309 COnP=0.787999 COnPOff=0.449936 combo=1.68s elapsed=60.8s
val_threshold [028/400] on=0.10 fr=0.40 COn=0.804970 COnP=0.790004 COnPOff=0.470321 combo=1.89s elapsed=62.7s
val_threshold [029/400] on=0.10 fr=0.45 COn=0.806474 COnP=0.791499 COnPOff=0.490080 combo=1.68s elapsed=64.4s
val_threshold [030/400] on=0.10 fr=0.50 COn=0.807200 COnP=0.792096 COnPOff=0.506884 combo=1.67s elapsed=66.1s
val_threshold [031/400] on=0.10 fr=0.55 COn=0.807079 COnP=0.792229 COnPOff=0.522260 combo=1.67s elapsed=67.7s
val_threshold [032/400] on=0.10 fr=0.60 COn=0.806752 COnP=0.792142 COnPOff=0.537069 combo=1.65s elapsed=69.4s
val_threshold [033/400] on=0.10 fr=0.65 COn=0.805731 COnP=0.791486 COnPOff=0.549199 combo=1.66s elapsed=71.0s
val_threshold [034/400] on=0.10 fr=0.70 COn=0.803569 COnP=0.791076 COnPOff=0.558929 combo=1.65s elapsed=72.7s
val_threshold [035/400] on=0.10 fr=0.75 COn=0.799539 COnP=0.788767 COnPOff=0.568253 combo=1.64s elapsed=74.3s
val_threshold [036/400] on=0.10 fr=0.80 COn=0.793953 COnP=0.784215 COnPOff=0.572868 combo=1.64s elapsed=76.0s
val_threshold [037/400] on=0.10 fr=0.85 COn=0.787320 COnP=0.778524 COnPOff=0.569895 combo=1.63s elapsed=77.6s
val_threshold [038/400] on=0.10 fr=0.90 COn=0.774785 COnP=0.768546 COnPOff=0.562009 combo=1.59s elapsed=79.2s
val_threshold [039/400] on=0.10 fr=0.95 COn=0.745007 COnP=0.740850 COnPOff=0.507013 combo=1.57s elapsed=80.8s
val_threshold [040/400] on=0.10 fr=1.00 COn=0.000000 COnP=0.000000 COnPOff=0.000000 combo=1.15s elapsed=81.9s
searched onset=0.10; current best onset=0.10 frame=0.55 val_COnP=0.792229
val_threshold [041/400] on=0.15 fr=0.05 COn=0.777405 COnP=0.766007 COnPOff=0.254617 combo=1.76s elapsed=83.7s
val_threshold [042/400] on=0.15 fr=0.10 COn=0.786667 COnP=0.774915 COnPOff=0.308570 combo=2.00s elapsed=85.7s
val_threshold [043/400] on=0.15 fr=0.15 COn=0.792889 COnP=0.780753 COnPOff=0.346043 combo=1.75s elapsed=87.4s
val_threshold [044/400] on=0.15 fr=0.20 COn=0.797737 COnP=0.784885 COnPOff=0.379679 combo=1.73s elapsed=89.1s
val_threshold [045/400] on=0.15 fr=0.25 COn=0.801488 COnP=0.788125 COnPOff=0.406893 combo=1.72s elapsed=90.9s
val_threshold [046/400] on=0.15 fr=0.30 COn=0.804314 COnP=0.790419 COnPOff=0.431089 combo=1.71s elapsed=92.6s
val_threshold [047/400] on=0.15 fr=0.35 COn=0.806446 COnP=0.792333 COnPOff=0.454031 combo=1.72s elapsed=94.3s
val_threshold [048/400] on=0.15 fr=0.40 COn=0.808989 COnP=0.794125 COnPOff=0.474507 combo=1.69s elapsed=96.0s
val_threshold [049/400] on=0.15 fr=0.45 COn=0.810333 COnP=0.795434 COnPOff=0.494429 combo=1.69s elapsed=97.7s
val_threshold [050/400] on=0.15 fr=0.50 COn=0.810947 COnP=0.795780 COnPOff=0.511523 combo=1.69s elapsed=99.4s
val_threshold [051/400] on=0.15 fr=0.55 COn=0.810753 COnP=0.795773 COnPOff=0.526744 combo=1.70s elapsed=101.1s
val_threshold [052/400] on=0.15 fr=0.60 COn=0.810158 COnP=0.795415 COnPOff=0.542050 combo=1.68s elapsed=102.7s
val_threshold [053/400] on=0.15 fr=0.65 COn=0.808995 COnP=0.794644 COnPOff=0.554320 combo=1.68s elapsed=104.4s
val_threshold [054/400] on=0.15 fr=0.70 COn=0.806872 COnP=0.794271 COnPOff=0.564265 combo=1.90s elapsed=106.3s
val_threshold [055/400] on=0.15 fr=0.75 COn=0.803037 COnP=0.792035 COnPOff=0.574153 combo=1.66s elapsed=108.0s
val_threshold [056/400] on=0.15 fr=0.80 COn=0.797222 COnP=0.787218 COnPOff=0.578516 combo=1.65s elapsed=109.6s
val_threshold [057/400] on=0.15 fr=0.85 COn=0.790379 COnP=0.781347 COnPOff=0.575067 combo=1.64s elapsed=111.3s
val_threshold [058/400] on=0.15 fr=0.90 COn=0.777816 COnP=0.771460 COnPOff=0.566169 combo=1.63s elapsed=112.9s
val_threshold [059/400] on=0.15 fr=0.95 COn=0.747437 COnP=0.743158 COnPOff=0.510908 combo=1.59s elapsed=114.5s
val_threshold [060/400] on=0.15 fr=1.00 COn=0.000000 COnP=0.000000 COnPOff=0.000000 combo=1.18s elapsed=115.7s
searched onset=0.15; current best onset=0.15 frame=0.50 val_COnP=0.795780
val_threshold [061/400] on=0.20 fr=0.05 COn=0.785724 COnP=0.774635 COnPOff=0.257451 combo=1.78s elapsed=117.5s
val_threshold [062/400] on=0.20 fr=0.10 COn=0.792967 COnP=0.781292 COnPOff=0.311199 combo=1.81s elapsed=119.3s
val_threshold [063/400] on=0.20 fr=0.15 COn=0.797785 COnP=0.785563 COnPOff=0.348675 combo=1.78s elapsed=121.0s
val_threshold [064/400] on=0.20 fr=0.20 COn=0.801772 COnP=0.788971 COnPOff=0.382333 combo=1.74s elapsed=122.8s
val_threshold [065/400] on=0.20 fr=0.25 COn=0.805047 COnP=0.791810 COnPOff=0.409320 combo=1.74s elapsed=124.5s
val_threshold [066/400] on=0.20 fr=0.30 COn=0.807618 COnP=0.793855 COnPOff=0.433365 combo=1.72s elapsed=126.2s
val_threshold [067/400] on=0.20 fr=0.35 COn=0.809657 COnP=0.795575 COnPOff=0.456465 combo=1.72s elapsed=128.0s
val_threshold [068/400] on=0.20 fr=0.40 COn=0.811996 COnP=0.797167 COnPOff=0.476929 combo=1.95s elapsed=129.9s
val_threshold [069/400] on=0.20 fr=0.45 COn=0.813215 COnP=0.798354 COnPOff=0.496974 combo=1.71s elapsed=131.6s
val_threshold [070/400] on=0.20 fr=0.50 COn=0.813599 COnP=0.798345 COnPOff=0.514394 combo=1.71s elapsed=133.3s
val_threshold [071/400] on=0.20 fr=0.55 COn=0.813456 COnP=0.798387 COnPOff=0.529780 combo=1.70s elapsed=135.0s
val_threshold [072/400] on=0.20 fr=0.60 COn=0.812783 COnP=0.798025 COnPOff=0.545072 combo=1.69s elapsed=136.7s
val_threshold [073/400] on=0.20 fr=0.65 COn=0.811614 COnP=0.797251 COnPOff=0.557849 combo=1.70s elapsed=138.4s
val_threshold [074/400] on=0.20 fr=0.70 COn=0.809253 COnP=0.796644 COnPOff=0.567818 combo=1.70s elapsed=140.1s
val_threshold [075/400] on=0.20 fr=0.75 COn=0.805130 COnP=0.794118 COnPOff=0.577262 combo=1.68s elapsed=141.8s
val_threshold [076/400] on=0.20 fr=0.80 COn=0.799426 COnP=0.789412 COnPOff=0.581405 combo=1.67s elapsed=143.5s
val_threshold [077/400] on=0.20 fr=0.85 COn=0.792558 COnP=0.783596 COnPOff=0.578548 combo=1.67s elapsed=145.1s
val_threshold [078/400] on=0.20 fr=0.90 COn=0.779866 COnP=0.773505 COnPOff=0.569727 combo=1.64s elapsed=146.8s
val_threshold [079/400] on=0.20 fr=0.95 COn=0.749258 COnP=0.744973 COnPOff=0.513191 combo=1.62s elapsed=148.4s
val_threshold [080/400] on=0.20 fr=1.00 COn=0.000000 COnP=0.000000 COnPOff=0.000000 combo=1.19s elapsed=149.6s
searched onset=0.20; current best onset=0.20 frame=0.55 val_COnP=0.798387
val_threshold [081/400] on=0.25 fr=0.05 COn=0.792000 COnP=0.779922 COnPOff=0.259174 combo=1.96s elapsed=151.5s
val_threshold [082/400] on=0.25 fr=0.10 COn=0.797257 COnP=0.785138 COnPOff=0.312370 combo=1.76s elapsed=153.3s
val_threshold [083/400] on=0.25 fr=0.15 COn=0.801146 COnP=0.788735 COnPOff=0.349695 combo=1.76s elapsed=155.1s
val_threshold [084/400] on=0.25 fr=0.20 COn=0.804318 COnP=0.791426 COnPOff=0.383221 combo=1.77s elapsed=156.8s
val_threshold [085/400] on=0.25 fr=0.25 COn=0.807415 COnP=0.794101 COnPOff=0.410519 combo=1.75s elapsed=158.6s
val_threshold [086/400] on=0.25 fr=0.30 COn=0.809705 COnP=0.795942 COnPOff=0.434581 combo=1.75s elapsed=160.3s
val_threshold [087/400] on=0.25 fr=0.35 COn=0.811456 COnP=0.797401 COnPOff=0.457244 combo=1.74s elapsed=162.1s
val_threshold [088/400] on=0.25 fr=0.40 COn=0.813500 COnP=0.798877 COnPOff=0.477723 combo=1.74s elapsed=163.8s
val_threshold [089/400] on=0.25 fr=0.45 COn=0.814866 COnP=0.800150 COnPOff=0.497927 combo=1.74s elapsed=165.6s
val_threshold [090/400] on=0.25 fr=0.50 COn=0.815252 COnP=0.800157 COnPOff=0.515248 combo=1.74s elapsed=167.3s
val_threshold [091/400] on=0.25 fr=0.55 COn=0.815268 COnP=0.800179 COnPOff=0.530910 combo=1.72s elapsed=169.0s
val_threshold [092/400] on=0.25 fr=0.60 COn=0.814406 COnP=0.799625 COnPOff=0.546287 combo=1.72s elapsed=170.8s
val_threshold [093/400] on=0.25 fr=0.65 COn=0.813069 COnP=0.798808 COnPOff=0.559179 combo=1.92s elapsed=172.7s
val_threshold [094/400] on=0.25 fr=0.70 COn=0.810598 COnP=0.798076 COnPOff=0.569582 combo=1.70s elapsed=174.4s
val_threshold [095/400] on=0.25 fr=0.75 COn=0.806584 COnP=0.795525 COnPOff=0.579217 combo=1.70s elapsed=176.1s
val_threshold [096/400] on=0.25 fr=0.80 COn=0.800868 COnP=0.790884 COnPOff=0.583517 combo=1.69s elapsed=177.8s
val_threshold [097/400] on=0.25 fr=0.85 COn=0.793887 COnP=0.784882 COnPOff=0.580683 combo=1.68s elapsed=179.5s
val_threshold [098/400] on=0.25 fr=0.90 COn=0.781164 COnP=0.774834 COnPOff=0.571700 combo=1.66s elapsed=181.1s
val_threshold [099/400] on=0.25 fr=0.95 COn=0.750651 COnP=0.746399 COnPOff=0.515009 combo=1.62s elapsed=182.7s
val_threshold [100/400] on=0.25 fr=1.00 COn=0.000000 COnP=0.000000 COnPOff=0.000000 combo=1.20s elapsed=183.9s
searched onset=0.25; current best onset=0.25 frame=0.55 val_COnP=0.800179
val_threshold [101/400] on=0.30 fr=0.05 COn=0.797173 COnP=0.785039 COnPOff=0.260250 combo=1.79s elapsed=185.7s
val_threshold [102/400] on=0.30 fr=0.10 COn=0.801457 COnP=0.789141 COnPOff=0.313949 combo=1.78s elapsed=187.5s
val_threshold [103/400] on=0.30 fr=0.15 COn=0.804285 COnP=0.791845 COnPOff=0.351998 combo=1.77s elapsed=189.3s
val_threshold [104/400] on=0.30 fr=0.20 COn=0.807192 COnP=0.794129 COnPOff=0.385579 combo=1.77s elapsed=191.0s
val_threshold [105/400] on=0.30 fr=0.25 COn=0.809863 COnP=0.796313 COnPOff=0.413202 combo=1.76s elapsed=192.8s
val_threshold [106/400] on=0.30 fr=0.30 COn=0.812040 COnP=0.798101 COnPOff=0.437242 combo=1.75s elapsed=194.6s
val_threshold [107/400] on=0.30 fr=0.35 COn=0.813589 COnP=0.799430 COnPOff=0.459991 combo=1.96s elapsed=196.5s
val_threshold [108/400] on=0.30 fr=0.40 COn=0.815359 COnP=0.800561 COnPOff=0.480570 combo=1.74s elapsed=198.3s
val_threshold [109/400] on=0.30 fr=0.45 COn=0.816537 COnP=0.801650 COnPOff=0.501055 combo=1.74s elapsed=200.0s
val_threshold [110/400] on=0.30 fr=0.50 COn=0.816819 COnP=0.801795 COnPOff=0.518397 combo=1.74s elapsed=201.7s
val_threshold [111/400] on=0.30 fr=0.55 COn=0.816789 COnP=0.801628 COnPOff=0.533868 combo=1.73s elapsed=203.5s
val_threshold [112/400] on=0.30 fr=0.60 COn=0.815982 COnP=0.801134 COnPOff=0.549347 combo=1.73s elapsed=205.2s
val_threshold [113/400] on=0.30 fr=0.65 COn=0.814496 COnP=0.800312 COnPOff=0.562145 combo=1.76s elapsed=207.0s
val_threshold [114/400] on=0.30 fr=0.70 COn=0.812003 COnP=0.799503 COnPOff=0.572582 combo=1.72s elapsed=208.7s
val_threshold [115/400] on=0.30 fr=0.75 COn=0.807927 COnP=0.796823 COnPOff=0.582415 combo=1.76s elapsed=210.4s
val_threshold [116/400] on=0.30 fr=0.80 COn=0.802044 COnP=0.792056 COnPOff=0.587090 combo=1.70s elapsed=212.1s
val_threshold [117/400] on=0.30 fr=0.85 COn=0.795031 COnP=0.786085 COnPOff=0.584305 combo=1.68s elapsed=213.8s
val_threshold [118/400] on=0.30 fr=0.90 COn=0.782136 COnP=0.775795 COnPOff=0.575036 combo=1.68s elapsed=215.5s
val_threshold [119/400] on=0.30 fr=0.95 COn=0.751352 COnP=0.747092 COnPOff=0.517335 combo=1.63s elapsed=217.1s
val_threshold [120/400] on=0.30 fr=1.00 COn=0.000000 COnP=0.000000 COnPOff=0.000000 combo=1.20s elapsed=218.3s
searched onset=0.30; current best onset=0.30 frame=0.50 val_COnP=0.801795
val_threshold [121/400] on=0.35 fr=0.05 COn=0.802388 COnP=0.789177 COnPOff=0.260496 combo=1.98s elapsed=220.3s
val_threshold [122/400] on=0.35 fr=0.10 COn=0.805968 COnP=0.792743 COnPOff=0.314738 combo=1.77s elapsed=222.1s
val_threshold [123/400] on=0.35 fr=0.15 COn=0.807988 COnP=0.794896 COnPOff=0.352563 combo=1.77s elapsed=223.8s
val_threshold [124/400] on=0.35 fr=0.20 COn=0.810229 COnP=0.796821 COnPOff=0.385885 combo=1.77s elapsed=225.6s
val_threshold [125/400] on=0.35 fr=0.25 COn=0.812005 COnP=0.798170 COnPOff=0.413353 combo=1.76s elapsed=227.4s
val_threshold [126/400] on=0.35 fr=0.30 COn=0.813521 COnP=0.799375 COnPOff=0.437571 combo=1.75s elapsed=229.1s
val_threshold [127/400] on=0.35 fr=0.35 COn=0.814843 COnP=0.800486 COnPOff=0.460359 combo=1.75s elapsed=230.9s
val_threshold [128/400] on=0.35 fr=0.40 COn=0.816605 COnP=0.801496 COnPOff=0.480840 combo=1.74s elapsed=232.6s
val_threshold [129/400] on=0.35 fr=0.45 COn=0.817369 COnP=0.802105 COnPOff=0.501308 combo=1.73s elapsed=234.3s
val_threshold [130/400] on=0.35 fr=0.50 COn=0.817502 COnP=0.802171 COnPOff=0.519036 combo=1.73s elapsed=236.1s
val_threshold [131/400] on=0.35 fr=0.55 COn=0.817226 COnP=0.801838 COnPOff=0.534837 combo=1.72s elapsed=237.8s
val_threshold [132/400] on=0.35 fr=0.60 COn=0.816214 COnP=0.801415 COnPOff=0.550093 combo=1.71s elapsed=239.5s
val_threshold [133/400] on=0.35 fr=0.65 COn=0.814757 COnP=0.800636 COnPOff=0.562793 combo=1.91s elapsed=241.4s
val_threshold [134/400] on=0.35 fr=0.70 COn=0.812067 COnP=0.799600 COnPOff=0.572877 combo=1.69s elapsed=243.1s
val_threshold [135/400] on=0.35 fr=0.75 COn=0.807995 COnP=0.796867 COnPOff=0.582834 combo=1.68s elapsed=244.8s
val_threshold [136/400] on=0.35 fr=0.80 COn=0.801966 COnP=0.792061 COnPOff=0.588010 combo=1.68s elapsed=246.5s
val_threshold [137/400] on=0.35 fr=0.85 COn=0.795089 COnP=0.786148 COnPOff=0.584975 combo=1.67s elapsed=248.1s
val_threshold [138/400] on=0.35 fr=0.90 COn=0.782280 COnP=0.775875 COnPOff=0.575604 combo=1.66s elapsed=249.8s
val_threshold [139/400] on=0.35 fr=0.95 COn=0.751157 COnP=0.746797 COnPOff=0.517460 combo=1.61s elapsed=251.4s
val_threshold [140/400] on=0.35 fr=1.00 COn=0.000000 COnP=0.000000 COnPOff=0.000000 combo=1.20s elapsed=252.6s
searched onset=0.35; current best onset=0.35 frame=0.50 val_COnP=0.802171
val_threshold [141/400] on=0.40 fr=0.05 COn=0.805614 COnP=0.791528 COnPOff=0.259111 combo=1.77s elapsed=254.4s
val_threshold [142/400] on=0.40 fr=0.10 COn=0.808768 COnP=0.794766 COnPOff=0.313358 combo=1.78s elapsed=256.2s
val_threshold [143/400] on=0.40 fr=0.15 COn=0.810533 COnP=0.796589 COnPOff=0.351435 combo=1.78s elapsed=258.0s
val_threshold [144/400] on=0.40 fr=0.20 COn=0.812496 COnP=0.798258 COnPOff=0.385186 combo=1.76s elapsed=259.7s
val_threshold [145/400] on=0.40 fr=0.25 COn=0.814267 COnP=0.799615 COnPOff=0.412808 combo=1.78s elapsed=261.5s
val_threshold [146/400] on=0.40 fr=0.30 COn=0.815390 COnP=0.800513 COnPOff=0.437206 combo=1.76s elapsed=263.3s
val_threshold [147/400] on=0.40 fr=0.35 COn=0.816605 COnP=0.801369 COnPOff=0.460201 combo=1.99s elapsed=265.3s
val_threshold [148/400] on=0.40 fr=0.40 COn=0.817693 COnP=0.801934 COnPOff=0.480678 combo=1.74s elapsed=267.0s
val_threshold [149/400] on=0.40 fr=0.45 COn=0.818046 COnP=0.802485 COnPOff=0.501359 combo=1.74s elapsed=268.7s
val_threshold [150/400] on=0.40 fr=0.50 COn=0.817884 COnP=0.802480 COnPOff=0.519156 combo=1.74s elapsed=270.5s
val_threshold [151/400] on=0.40 fr=0.55 COn=0.817487 COnP=0.802211 COnPOff=0.534733 combo=1.73s elapsed=272.2s
val_threshold [152/400] on=0.40 fr=0.60 COn=0.816167 COnP=0.801570 COnPOff=0.550117 combo=1.72s elapsed=273.9s
val_threshold [153/400] on=0.40 fr=0.65 COn=0.814692 COnP=0.800883 COnPOff=0.562905 combo=1.74s elapsed=275.7s
val_threshold [154/400] on=0.40 fr=0.70 COn=0.811963 COnP=0.799918 COnPOff=0.573320 combo=1.74s elapsed=277.4s
val_threshold [155/400] on=0.40 fr=0.75 COn=0.807814 COnP=0.797066 COnPOff=0.583248 combo=1.71s elapsed=279.1s
val_threshold [156/400] on=0.40 fr=0.80 COn=0.802007 COnP=0.792388 COnPOff=0.588116 combo=1.70s elapsed=280.8s
val_threshold [157/400] on=0.40 fr=0.85 COn=0.795264 COnP=0.786429 COnPOff=0.584879 combo=1.69s elapsed=282.5s
val_threshold [158/400] on=0.40 fr=0.90 COn=0.782070 COnP=0.775740 COnPOff=0.575338 combo=1.66s elapsed=284.2s
val_threshold [159/400] on=0.40 fr=0.95 COn=0.750694 COnP=0.746421 COnPOff=0.517139 combo=1.63s elapsed=285.8s
val_threshold [160/400] on=0.40 fr=1.00 COn=0.000000 COnP=0.000000 COnPOff=0.000000 combo=1.21s elapsed=287.0s
searched onset=0.40; current best onset=0.40 frame=0.45 val_COnP=0.802485
val_threshold [161/400] on=0.45 fr=0.05 COn=0.807999 COnP=0.793554 COnPOff=0.258357 combo=1.96s elapsed=289.0s
val_threshold [162/400] on=0.45 fr=0.10 COn=0.810804 COnP=0.796347 COnPOff=0.312218 combo=1.76s elapsed=290.7s
val_threshold [163/400] on=0.45 fr=0.15 COn=0.812447 COnP=0.797870 COnPOff=0.350342 combo=1.76s elapsed=292.5s
val_threshold [164/400] on=0.45 fr=0.20 COn=0.813998 COnP=0.799167 COnPOff=0.384202 combo=1.75s elapsed=294.2s
val_threshold [165/400] on=0.45 fr=0.25 COn=0.815259 COnP=0.800193 COnPOff=0.411914 combo=1.76s elapsed=296.0s
val_threshold [166/400] on=0.45 fr=0.30 COn=0.815989 COnP=0.800708 COnPOff=0.436671 combo=1.75s elapsed=297.7s
val_threshold [167/400] on=0.45 fr=0.35 COn=0.816870 COnP=0.801284 COnPOff=0.459957 combo=1.74s elapsed=299.5s
val_threshold [168/400] on=0.45 fr=0.40 COn=0.817630 COnP=0.801564 COnPOff=0.480511 combo=1.74s elapsed=301.2s
val_threshold [169/400] on=0.45 fr=0.45 COn=0.817758 COnP=0.801975 COnPOff=0.501000 combo=1.73s elapsed=303.0s
val_threshold [170/400] on=0.45 fr=0.50 COn=0.817279 COnP=0.801811 COnPOff=0.518411 combo=1.73s elapsed=304.7s
val_threshold [171/400] on=0.45 fr=0.55 COn=0.816907 COnP=0.801474 COnPOff=0.534059 combo=1.73s elapsed=306.4s
val_threshold [172/400] on=0.45 fr=0.60 COn=0.815603 COnP=0.800862 COnPOff=0.549354 combo=1.72s elapsed=308.1s
val_threshold [173/400] on=0.45 fr=0.65 COn=0.814077 COnP=0.800131 COnPOff=0.562058 combo=1.72s elapsed=309.9s
val_threshold [174/400] on=0.45 fr=0.70 COn=0.811284 COnP=0.799203 COnPOff=0.572418 combo=1.91s elapsed=311.8s
val_threshold [175/400] on=0.45 fr=0.75 COn=0.807095 COnP=0.796442 COnPOff=0.582270 combo=1.70s elapsed=313.5s
val_threshold [176/400] on=0.45 fr=0.80 COn=0.801252 COnP=0.791658 COnPOff=0.587174 combo=1.69s elapsed=315.2s
val_threshold [177/400] on=0.45 fr=0.85 COn=0.794551 COnP=0.785746 COnPOff=0.584309 combo=1.68s elapsed=316.8s
val_threshold [178/400] on=0.45 fr=0.90 COn=0.781517 COnP=0.775226 COnPOff=0.574566 combo=1.67s elapsed=318.5s
val_threshold [179/400] on=0.45 fr=0.95 COn=0.750525 COnP=0.746277 COnPOff=0.516896 combo=1.63s elapsed=320.1s
val_threshold [180/400] on=0.45 fr=1.00 COn=0.000000 COnP=0.000000 COnPOff=0.000000 combo=1.21s elapsed=321.4s
searched onset=0.45; current best onset=0.40 frame=0.45 val_COnP=0.802485
val_threshold [181/400] on=0.50 fr=0.05 COn=0.808741 COnP=0.792815 COnPOff=0.255756 combo=1.77s elapsed=323.1s
val_threshold [182/400] on=0.50 fr=0.10 COn=0.811149 COnP=0.795549 COnPOff=0.309835 combo=1.76s elapsed=324.9s
val_threshold [183/400] on=0.50 fr=0.15 COn=0.812247 COnP=0.796693 COnPOff=0.347843 combo=1.75s elapsed=326.6s
val_threshold [184/400] on=0.50 fr=0.20 COn=0.813294 COnP=0.797694 COnPOff=0.381712 combo=1.76s elapsed=328.4s
val_threshold [185/400] on=0.50 fr=0.25 COn=0.814014 COnP=0.798398 COnPOff=0.409454 combo=1.75s elapsed=330.2s
val_threshold [186/400] on=0.50 fr=0.30 COn=0.814820 COnP=0.799056 COnPOff=0.434166 combo=1.75s elapsed=331.9s
val_threshold [187/400] on=0.50 fr=0.35 COn=0.815608 COnP=0.799520 COnPOff=0.457710 combo=1.76s elapsed=333.7s
val_threshold [188/400] on=0.50 fr=0.40 COn=0.816127 COnP=0.799660 COnPOff=0.478125 combo=1.94s elapsed=335.6s
val_threshold [189/400] on=0.50 fr=0.45 COn=0.816009 COnP=0.799997 COnPOff=0.498485 combo=1.73s elapsed=337.3s
val_threshold [190/400] on=0.50 fr=0.50 COn=0.815281 COnP=0.799752 COnPOff=0.515534 combo=1.72s elapsed=339.1s
val_threshold [191/400] on=0.50 fr=0.55 COn=0.814863 COnP=0.799568 COnPOff=0.531605 combo=1.72s elapsed=340.8s
val_threshold [192/400] on=0.50 fr=0.60 COn=0.813513 COnP=0.798955 COnPOff=0.547343 combo=1.72s elapsed=342.5s
val_threshold [193/400] on=0.50 fr=0.65 COn=0.812247 COnP=0.798283 COnPOff=0.559752 combo=1.71s elapsed=344.2s
val_threshold [194/400] on=0.50 fr=0.70 COn=0.809767 COnP=0.797602 COnPOff=0.570583 combo=1.71s elapsed=345.9s
val_threshold [195/400] on=0.50 fr=0.75 COn=0.805556 COnP=0.794872 COnPOff=0.580263 combo=1.70s elapsed=347.6s
val_threshold [196/400] on=0.50 fr=0.80 COn=0.800135 COnP=0.790556 COnPOff=0.585681 combo=1.70s elapsed=349.3s
val_threshold [197/400] on=0.50 fr=0.85 COn=0.793749 COnP=0.784954 COnPOff=0.582807 combo=1.69s elapsed=351.0s
val_threshold [198/400] on=0.50 fr=0.90 COn=0.780744 COnP=0.774508 COnPOff=0.573352 combo=1.66s elapsed=352.7s
val_threshold [199/400] on=0.50 fr=0.95 COn=0.749542 COnP=0.745364 COnPOff=0.515960 combo=1.62s elapsed=354.3s
val_threshold [200/400] on=0.50 fr=1.00 COn=0.000000 COnP=0.000000 COnPOff=0.000000 combo=1.21s elapsed=355.5s
searched onset=0.50; current best onset=0.40 frame=0.45 val_COnP=0.802485
val_threshold [201/400] on=0.55 fr=0.05 COn=0.808039 COnP=0.791473 COnPOff=0.254042 combo=1.75s elapsed=357.3s
val_threshold [202/400] on=0.55 fr=0.10 COn=0.810366 COnP=0.794271 COnPOff=0.308174 combo=1.75s elapsed=359.0s
val_threshold [203/400] on=0.55 fr=0.15 COn=0.811535 COnP=0.795696 COnPOff=0.346310 combo=1.95s elapsed=361.0s
val_threshold [204/400] on=0.55 fr=0.20 COn=0.812324 COnP=0.796495 COnPOff=0.380312 combo=1.73s elapsed=362.7s
val_threshold [205/400] on=0.55 fr=0.25 COn=0.813058 COnP=0.797114 COnPOff=0.407990 combo=1.74s elapsed=364.4s
val_threshold [206/400] on=0.55 fr=0.30 COn=0.813756 COnP=0.797629 COnPOff=0.432565 combo=1.73s elapsed=366.2s
val_threshold [207/400] on=0.55 fr=0.35 COn=0.814142 COnP=0.798000 COnPOff=0.456568 combo=1.74s elapsed=367.9s
val_threshold [208/400] on=0.55 fr=0.40 COn=0.814460 COnP=0.797856 COnPOff=0.476781 combo=1.74s elapsed=369.7s
val_threshold [209/400] on=0.55 fr=0.45 COn=0.814139 COnP=0.797931 COnPOff=0.497155 combo=1.73s elapsed=371.4s
val_threshold [210/400] on=0.55 fr=0.50 COn=0.813348 COnP=0.797854 COnPOff=0.514404 combo=1.72s elapsed=373.1s
val_threshold [211/400] on=0.55 fr=0.55 COn=0.813193 COnP=0.798020 COnPOff=0.530451 combo=1.73s elapsed=374.8s
val_threshold [212/400] on=0.55 fr=0.60 COn=0.812083 COnP=0.797612 COnPOff=0.546323 combo=1.70s elapsed=376.5s
val_threshold [213/400] on=0.55 fr=0.65 COn=0.810449 COnP=0.796731 COnPOff=0.558317 combo=1.70s elapsed=378.2s
val_threshold [214/400] on=0.55 fr=0.70 COn=0.808050 COnP=0.796178 COnPOff=0.569161 combo=1.69s elapsed=379.9s
val_threshold [215/400] on=0.55 fr=0.75 COn=0.804117 COnP=0.793599 COnPOff=0.578947 combo=1.69s elapsed=381.6s
val_threshold [216/400] on=0.55 fr=0.80 COn=0.798923 COnP=0.789415 COnPOff=0.584077 combo=1.88s elapsed=383.5s
val_threshold [217/400] on=0.55 fr=0.85 COn=0.792570 COnP=0.783775 COnPOff=0.581539 combo=1.68s elapsed=385.2s
val_threshold [218/400] on=0.55 fr=0.90 COn=0.779437 COnP=0.773180 COnPOff=0.572414 combo=1.66s elapsed=386.9s
val_threshold [219/400] on=0.55 fr=0.95 COn=0.748463 COnP=0.744277 COnPOff=0.515343 combo=1.62s elapsed=388.5s
val_threshold [220/400] on=0.55 fr=1.00 COn=0.000000 COnP=0.000000 COnPOff=0.000000 combo=1.21s elapsed=389.7s
searched onset=0.55; current best onset=0.40 frame=0.45 val_COnP=0.802485
val_threshold [221/400] on=0.60 fr=0.05 COn=0.803946 COnP=0.786302 COnPOff=0.250668 combo=1.75s elapsed=391.5s
val_threshold [222/400] on=0.60 fr=0.10 COn=0.806189 COnP=0.789340 COnPOff=0.304714 combo=1.74s elapsed=393.2s
val_threshold [223/400] on=0.60 fr=0.15 COn=0.807255 COnP=0.790809 COnPOff=0.343024 combo=1.74s elapsed=394.9s
val_threshold [224/400] on=0.60 fr=0.20 COn=0.808081 COnP=0.791824 COnPOff=0.377242 combo=1.73s elapsed=396.7s
val_threshold [225/400] on=0.60 fr=0.25 COn=0.808607 COnP=0.792375 COnPOff=0.404951 combo=1.73s elapsed=398.4s
val_threshold [226/400] on=0.60 fr=0.30 COn=0.809155 COnP=0.792897 COnPOff=0.429213 combo=1.73s elapsed=400.1s
val_threshold [227/400] on=0.60 fr=0.35 COn=0.809580 COnP=0.793448 COnPOff=0.453625 combo=1.73s elapsed=401.8s
val_threshold [228/400] on=0.60 fr=0.40 COn=0.809698 COnP=0.793660 COnPOff=0.473946 combo=1.73s elapsed=403.6s
val_threshold [229/400] on=0.60 fr=0.45 COn=0.809349 COnP=0.793837 COnPOff=0.494175 combo=1.72s elapsed=405.3s
val_threshold [230/400] on=0.60 fr=0.50 COn=0.808750 COnP=0.793670 COnPOff=0.511235 combo=1.93s elapsed=407.2s
val_threshold [231/400] on=0.60 fr=0.55 COn=0.808100 COnP=0.793531 COnPOff=0.526800 combo=1.71s elapsed=408.9s
val_threshold [232/400] on=0.60 fr=0.60 COn=0.806903 COnP=0.793085 COnPOff=0.542710 combo=1.72s elapsed=410.6s
val_threshold [233/400] on=0.60 fr=0.65 COn=0.805010 COnP=0.791957 COnPOff=0.554376 combo=1.71s elapsed=412.4s
val_threshold [234/400] on=0.60 fr=0.70 COn=0.802898 COnP=0.791728 COnPOff=0.565585 combo=1.69s elapsed=414.1s
val_threshold [235/400] on=0.60 fr=0.75 COn=0.799424 COnP=0.789611 COnPOff=0.575604 combo=1.69s elapsed=415.7s
val_threshold [236/400] on=0.60 fr=0.80 COn=0.794833 COnP=0.785894 COnPOff=0.580694 combo=1.69s elapsed=417.4s
val_threshold [237/400] on=0.60 fr=0.85 COn=0.789077 COnP=0.780781 COnPOff=0.578211 combo=1.69s elapsed=419.1s
val_threshold [238/400] on=0.60 fr=0.90 COn=0.776100 COnP=0.770110 COnPOff=0.569580 combo=1.68s elapsed=420.8s
val_threshold [239/400] on=0.60 fr=0.95 COn=0.745775 COnP=0.741816 COnPOff=0.513378 combo=1.62s elapsed=422.4s
val_threshold [240/400] on=0.60 fr=1.00 COn=0.000000 COnP=0.000000 COnPOff=0.000000 combo=1.22s elapsed=423.6s
searched onset=0.60; current best onset=0.40 frame=0.45 val_COnP=0.802485
val_threshold [241/400] on=0.65 fr=0.05 COn=0.797668 COnP=0.780332 COnPOff=0.245789 combo=1.74s elapsed=425.4s
val_threshold [242/400] on=0.65 fr=0.10 COn=0.799436 COnP=0.783298 COnPOff=0.299805 combo=1.73s elapsed=427.1s
val_threshold [243/400] on=0.65 fr=0.15 COn=0.800151 COnP=0.784577 COnPOff=0.337961 combo=1.73s elapsed=428.9s
val_threshold [244/400] on=0.65 fr=0.20 COn=0.801070 COnP=0.785692 COnPOff=0.372076 combo=1.73s elapsed=430.6s
val_threshold [245/400] on=0.65 fr=0.25 COn=0.801274 COnP=0.786183 COnPOff=0.399647 combo=1.97s elapsed=432.5s
val_threshold [246/400] on=0.65 fr=0.30 COn=0.801811 COnP=0.786813 COnPOff=0.423723 combo=1.71s elapsed=434.3s
val_threshold [247/400] on=0.65 fr=0.35 COn=0.802436 COnP=0.787341 COnPOff=0.448431 combo=1.72s elapsed=436.0s
val_threshold [248/400] on=0.65 fr=0.40 COn=0.802532 COnP=0.787464 COnPOff=0.468504 combo=1.71s elapsed=437.7s
val_threshold [249/400] on=0.65 fr=0.45 COn=0.802213 COnP=0.787556 COnPOff=0.488297 combo=1.71s elapsed=439.4s
val_threshold [250/400] on=0.65 fr=0.50 COn=0.801513 COnP=0.787222 COnPOff=0.505528 combo=1.72s elapsed=441.1s
val_threshold [251/400] on=0.65 fr=0.55 COn=0.800864 COnP=0.787160 COnPOff=0.521152 combo=1.70s elapsed=442.8s
val_threshold [252/400] on=0.65 fr=0.60 COn=0.799616 COnP=0.786610 COnPOff=0.537574 combo=1.70s elapsed=444.5s
val_threshold [253/400] on=0.65 fr=0.65 COn=0.798093 COnP=0.785754 COnPOff=0.548999 combo=1.70s elapsed=446.2s
val_threshold [254/400] on=0.65 fr=0.70 COn=0.796480 COnP=0.785778 COnPOff=0.560557 combo=1.69s elapsed=447.9s
val_threshold [255/400] on=0.65 fr=0.75 COn=0.793183 COnP=0.783627 COnPOff=0.570918 combo=1.69s elapsed=449.6s
val_threshold [256/400] on=0.65 fr=0.80 COn=0.789422 COnP=0.780766 COnPOff=0.576159 combo=1.68s elapsed=451.3s
val_threshold [257/400] on=0.65 fr=0.85 COn=0.783827 COnP=0.775748 COnPOff=0.574146 combo=1.67s elapsed=453.0s
val_threshold [258/400] on=0.65 fr=0.90 COn=0.771179 COnP=0.765366 COnPOff=0.566107 combo=1.65s elapsed=454.6s
val_threshold [259/400] on=0.65 fr=0.95 COn=0.742346 COnP=0.738491 COnPOff=0.510896 combo=1.63s elapsed=456.3s
val_threshold [260/400] on=0.65 fr=1.00 COn=0.000000 COnP=0.000000 COnPOff=0.000000 combo=1.22s elapsed=457.5s
searched onset=0.65; current best onset=0.40 frame=0.45 val_COnP=0.802485
val_threshold [261/400] on=0.70 fr=0.05 COn=0.783130 COnP=0.765966 COnPOff=0.237657 combo=1.94s elapsed=459.4s
val_threshold [262/400] on=0.70 fr=0.10 COn=0.785089 COnP=0.769274 COnPOff=0.291022 combo=1.71s elapsed=461.1s
val_threshold [263/400] on=0.70 fr=0.15 COn=0.785873 COnP=0.770815 COnPOff=0.328769 combo=1.71s elapsed=462.8s
val_threshold [264/400] on=0.70 fr=0.20 COn=0.786566 COnP=0.772058 COnPOff=0.361982 combo=1.70s elapsed=464.6s
val_threshold [265/400] on=0.70 fr=0.25 COn=0.786726 COnP=0.772539 COnPOff=0.388961 combo=1.71s elapsed=466.3s
val_threshold [266/400] on=0.70 fr=0.30 COn=0.787374 COnP=0.773261 COnPOff=0.413414 combo=1.70s elapsed=468.0s
val_threshold [267/400] on=0.70 fr=0.35 COn=0.787971 COnP=0.773823 COnPOff=0.437248 combo=1.69s elapsed=469.6s
val_threshold [268/400] on=0.70 fr=0.40 COn=0.788048 COnP=0.774050 COnPOff=0.457616 combo=1.70s elapsed=471.3s
val_threshold [269/400] on=0.70 fr=0.45 COn=0.787727 COnP=0.774312 COnPOff=0.477359 combo=1.69s elapsed=473.0s
val_threshold [270/400] on=0.70 fr=0.50 COn=0.787004 COnP=0.774022 COnPOff=0.494379 combo=1.68s elapsed=474.7s
val_threshold [271/400] on=0.70 fr=0.55 COn=0.786434 COnP=0.774110 COnPOff=0.510094 combo=1.69s elapsed=476.4s
val_threshold [272/400] on=0.70 fr=0.60 COn=0.785303 COnP=0.773533 COnPOff=0.526297 combo=1.69s elapsed=478.1s
val_threshold [273/400] on=0.70 fr=0.65 COn=0.783784 COnP=0.772653 COnPOff=0.537874 combo=1.68s elapsed=479.8s
val_threshold [274/400] on=0.70 fr=0.70 COn=0.782514 COnP=0.772862 COnPOff=0.549787 combo=1.92s elapsed=481.7s
val_threshold [275/400] on=0.70 fr=0.75 COn=0.779942 COnP=0.770922 COnPOff=0.560064 combo=1.67s elapsed=483.4s
val_threshold [276/400] on=0.70 fr=0.80 COn=0.776720 COnP=0.768546 COnPOff=0.565280 combo=1.67s elapsed=485.1s
val_threshold [277/400] on=0.70 fr=0.85 COn=0.771949 COnP=0.764210 COnPOff=0.563875 combo=1.66s elapsed=486.7s
val_threshold [278/400] on=0.70 fr=0.90 COn=0.760669 COnP=0.755178 COnPOff=0.556857 combo=1.64s elapsed=488.4s
val_threshold [279/400] on=0.70 fr=0.95 COn=0.733807 COnP=0.730158 COnPOff=0.504437 combo=1.61s elapsed=490.0s
val_threshold [280/400] on=0.70 fr=1.00 COn=0.000000 COnP=0.000000 COnPOff=0.000000 combo=1.22s elapsed=491.2s
searched onset=0.70; current best onset=0.40 frame=0.45 val_COnP=0.802485
val_threshold [281/400] on=0.75 fr=0.05 COn=0.759482 COnP=0.743036 COnPOff=0.227714 combo=1.67s elapsed=492.9s
val_threshold [282/400] on=0.75 fr=0.10 COn=0.761018 COnP=0.746365 COnPOff=0.280222 combo=1.67s elapsed=494.5s
val_threshold [283/400] on=0.75 fr=0.15 COn=0.761373 COnP=0.747909 COnPOff=0.316589 combo=1.67s elapsed=496.2s
val_threshold [284/400] on=0.75 fr=0.20 COn=0.761886 COnP=0.749217 COnPOff=0.348981 combo=1.66s elapsed=497.9s
val_threshold [285/400] on=0.75 fr=0.25 COn=0.762048 COnP=0.749770 COnPOff=0.375853 combo=1.65s elapsed=499.5s
val_threshold [286/400] on=0.75 fr=0.30 COn=0.762537 COnP=0.750411 COnPOff=0.400108 combo=1.66s elapsed=501.2s
val_threshold [287/400] on=0.75 fr=0.35 COn=0.763171 COnP=0.751011 COnPOff=0.422921 combo=1.66s elapsed=502.8s
val_threshold [288/400] on=0.75 fr=0.40 COn=0.763294 COnP=0.751247 COnPOff=0.441831 combo=1.66s elapsed=504.5s
val_threshold [289/400] on=0.75 fr=0.45 COn=0.763095 COnP=0.751500 COnPOff=0.461000 combo=1.66s elapsed=506.2s
val_threshold [290/400] on=0.75 fr=0.50 COn=0.762473 COnP=0.751190 COnPOff=0.477003 combo=1.66s elapsed=507.8s
val_threshold [291/400] on=0.75 fr=0.55 COn=0.762097 COnP=0.751203 COnPOff=0.492367 combo=1.85s elapsed=509.7s
val_threshold [292/400] on=0.75 fr=0.60 COn=0.761279 COnP=0.750792 COnPOff=0.508509 combo=1.65s elapsed=511.3s
val_threshold [293/400] on=0.75 fr=0.65 COn=0.760184 COnP=0.750069 COnPOff=0.520088 combo=1.65s elapsed=513.0s
val_threshold [294/400] on=0.75 fr=0.70 COn=0.759278 COnP=0.750377 COnPOff=0.531939 combo=1.64s elapsed=514.6s
val_threshold [295/400] on=0.75 fr=0.75 COn=0.757376 COnP=0.748881 COnPOff=0.542186 combo=1.64s elapsed=516.2s
val_threshold [296/400] on=0.75 fr=0.80 COn=0.754406 COnP=0.746634 COnPOff=0.547045 combo=1.63s elapsed=517.9s
val_threshold [297/400] on=0.75 fr=0.85 COn=0.749932 COnP=0.742489 COnPOff=0.546220 combo=1.63s elapsed=519.5s
val_threshold [298/400] on=0.75 fr=0.90 COn=0.740447 COnP=0.735058 COnPOff=0.540324 combo=1.62s elapsed=521.1s
val_threshold [299/400] on=0.75 fr=0.95 COn=0.715595 COnP=0.712025 COnPOff=0.491271 combo=1.59s elapsed=522.7s
val_threshold [300/400] on=0.75 fr=1.00 COn=0.000000 COnP=0.000000 COnPOff=0.000000 combo=1.23s elapsed=523.9s
searched onset=0.75; current best onset=0.40 frame=0.45 val_COnP=0.802485
val_threshold [301/400] on=0.80 fr=0.05 COn=0.715242 COnP=0.699368 COnPOff=0.204999 combo=1.62s elapsed=525.6s
val_threshold [302/400] on=0.80 fr=0.10 COn=0.716310 COnP=0.702929 COnPOff=0.254166 combo=1.63s elapsed=527.2s
val_threshold [303/400] on=0.80 fr=0.15 COn=0.716648 COnP=0.704618 COnPOff=0.289245 combo=1.62s elapsed=528.8s
val_threshold [304/400] on=0.80 fr=0.20 COn=0.717141 COnP=0.705927 COnPOff=0.319991 combo=1.61s elapsed=530.4s
val_threshold [305/400] on=0.80 fr=0.25 COn=0.717439 COnP=0.706637 COnPOff=0.346879 combo=1.62s elapsed=532.0s
val_threshold [306/400] on=0.80 fr=0.30 COn=0.717761 COnP=0.707215 COnPOff=0.369310 combo=1.61s elapsed=533.7s
val_threshold [307/400] on=0.80 fr=0.35 COn=0.718581 COnP=0.708064 COnPOff=0.391245 combo=1.61s elapsed=535.3s
val_threshold [308/400] on=0.80 fr=0.40 COn=0.718636 COnP=0.708341 COnPOff=0.410360 combo=1.61s elapsed=536.9s
val_threshold [309/400] on=0.80 fr=0.45 COn=0.718443 COnP=0.708561 COnPOff=0.428398 combo=1.81s elapsed=538.7s
val_threshold [310/400] on=0.80 fr=0.50 COn=0.718050 COnP=0.708503 COnPOff=0.443814 combo=1.61s elapsed=540.3s
val_threshold [311/400] on=0.80 fr=0.55 COn=0.717896 COnP=0.708735 COnPOff=0.458602 combo=1.62s elapsed=541.9s
val_threshold [312/400] on=0.80 fr=0.60 COn=0.717435 COnP=0.708703 COnPOff=0.474686 combo=1.60s elapsed=543.5s
val_threshold [313/400] on=0.80 fr=0.65 COn=0.716280 COnP=0.707945 COnPOff=0.485752 combo=1.60s elapsed=545.1s
val_threshold [314/400] on=0.80 fr=0.70 COn=0.715318 COnP=0.708151 COnPOff=0.496848 combo=1.60s elapsed=546.7s
val_threshold [315/400] on=0.80 fr=0.75 COn=0.714294 COnP=0.707317 COnPOff=0.507776 combo=1.60s elapsed=548.3s
val_threshold [316/400] on=0.80 fr=0.80 COn=0.712134 COnP=0.705516 COnPOff=0.512948 combo=1.59s elapsed=549.9s
val_threshold [317/400] on=0.80 fr=0.85 COn=0.708396 COnP=0.702044 COnPOff=0.511624 combo=1.59s elapsed=551.5s
val_threshold [318/400] on=0.80 fr=0.90 COn=0.700317 COnP=0.695771 COnPOff=0.508026 combo=1.58s elapsed=553.1s
val_threshold [319/400] on=0.80 fr=0.95 COn=0.678778 COnP=0.675595 COnPOff=0.464476 combo=1.56s elapsed=554.6s
val_threshold [320/400] on=0.80 fr=1.00 COn=0.000000 COnP=0.000000 COnPOff=0.000000 combo=1.21s elapsed=555.8s
searched onset=0.80; current best onset=0.40 frame=0.45 val_COnP=0.802485
val_threshold [321/400] on=0.85 fr=0.05 COn=0.627183 COnP=0.611080 COnPOff=0.171854 combo=1.56s elapsed=557.4s
val_threshold [322/400] on=0.85 fr=0.10 COn=0.627543 COnP=0.615166 COnPOff=0.214127 combo=1.55s elapsed=559.0s
val_threshold [323/400] on=0.85 fr=0.15 COn=0.627870 COnP=0.617321 COnPOff=0.245709 combo=1.55s elapsed=560.5s
val_threshold [324/400] on=0.85 fr=0.20 COn=0.628935 COnP=0.619429 COnPOff=0.272535 combo=1.54s elapsed=562.0s
val_threshold [325/400] on=0.85 fr=0.25 COn=0.629292 COnP=0.620456 COnPOff=0.297427 combo=1.55s elapsed=563.6s
val_threshold [326/400] on=0.85 fr=0.30 COn=0.629609 COnP=0.621061 COnPOff=0.316481 combo=1.55s elapsed=565.1s
val_threshold [327/400] on=0.85 fr=0.35 COn=0.630323 COnP=0.621959 COnPOff=0.334257 combo=1.55s elapsed=566.7s
val_threshold [328/400] on=0.85 fr=0.40 COn=0.630534 COnP=0.622488 COnPOff=0.352494 combo=1.54s elapsed=568.2s
val_threshold [329/400] on=0.85 fr=0.45 COn=0.630707 COnP=0.622929 COnPOff=0.368838 combo=1.54s elapsed=569.8s
val_threshold [330/400] on=0.85 fr=0.50 COn=0.630405 COnP=0.623168 COnPOff=0.382472 combo=1.74s elapsed=571.5s
val_threshold [331/400] on=0.85 fr=0.55 COn=0.630480 COnP=0.623239 COnPOff=0.395919 combo=1.54s elapsed=573.0s
val_threshold [332/400] on=0.85 fr=0.60 COn=0.630247 COnP=0.623171 COnPOff=0.409731 combo=1.53s elapsed=574.6s
val_threshold [333/400] on=0.85 fr=0.65 COn=0.629314 COnP=0.622412 COnPOff=0.418517 combo=1.54s elapsed=576.1s
val_threshold [334/400] on=0.85 fr=0.70 COn=0.628499 COnP=0.622198 COnPOff=0.427966 combo=1.54s elapsed=577.7s
val_threshold [335/400] on=0.85 fr=0.75 COn=0.627905 COnP=0.621763 COnPOff=0.438334 combo=1.53s elapsed=579.2s
val_threshold [336/400] on=0.85 fr=0.80 COn=0.626517 COnP=0.620708 COnPOff=0.445564 combo=1.53s elapsed=580.7s
val_threshold [337/400] on=0.85 fr=0.85 COn=0.624121 COnP=0.618438 COnPOff=0.446617 combo=1.52s elapsed=582.2s
val_threshold [338/400] on=0.85 fr=0.90 COn=0.618445 COnP=0.614260 COnPOff=0.445467 combo=1.52s elapsed=583.8s
val_threshold [339/400] on=0.85 fr=0.95 COn=0.600689 COnP=0.597728 COnPOff=0.411945 combo=1.50s elapsed=585.3s
val_threshold [340/400] on=0.85 fr=1.00 COn=0.000000 COnP=0.000000 COnPOff=0.000000 combo=1.21s elapsed=586.5s
searched onset=0.85; current best onset=0.40 frame=0.45 val_COnP=0.802485
val_threshold [341/400] on=0.90 fr=0.05 COn=0.477478 COnP=0.458616 COnPOff=0.123830 combo=1.46s elapsed=587.9s
val_threshold [342/400] on=0.90 fr=0.10 COn=0.478083 COnP=0.464586 COnPOff=0.153679 combo=1.46s elapsed=589.4s
val_threshold [343/400] on=0.90 fr=0.15 COn=0.478907 COnP=0.468091 COnPOff=0.178941 combo=1.46s elapsed=590.8s
val_threshold [344/400] on=0.90 fr=0.20 COn=0.479340 COnP=0.469759 COnPOff=0.196811 combo=1.45s elapsed=592.3s
val_threshold [345/400] on=0.90 fr=0.25 COn=0.480290 COnP=0.471727 COnPOff=0.216061 combo=1.45s elapsed=593.7s
val_threshold [346/400] on=0.90 fr=0.30 COn=0.481748 COnP=0.473642 COnPOff=0.231246 combo=1.45s elapsed=595.2s
val_threshold [347/400] on=0.90 fr=0.35 COn=0.482235 COnP=0.474770 COnPOff=0.245434 combo=1.45s elapsed=596.6s
val_threshold [348/400] on=0.90 fr=0.40 COn=0.481965 COnP=0.475595 COnPOff=0.258345 combo=1.45s elapsed=598.1s
val_threshold [349/400] on=0.90 fr=0.45 COn=0.482765 COnP=0.476729 COnPOff=0.270840 combo=1.45s elapsed=599.5s
val_threshold [350/400] on=0.90 fr=0.50 COn=0.482682 COnP=0.477069 COnPOff=0.281367 combo=1.44s elapsed=601.0s
val_threshold [351/400] on=0.90 fr=0.55 COn=0.482740 COnP=0.477248 COnPOff=0.289886 combo=1.44s elapsed=602.4s
val_threshold [352/400] on=0.90 fr=0.60 COn=0.482010 COnP=0.476929 COnPOff=0.300427 combo=1.45s elapsed=603.9s
val_threshold [353/400] on=0.90 fr=0.65 COn=0.481125 COnP=0.476333 COnPOff=0.307893 combo=1.44s elapsed=605.3s
val_threshold [354/400] on=0.90 fr=0.70 COn=0.479920 COnP=0.475722 COnPOff=0.315523 combo=1.44s elapsed=606.8s
val_threshold [355/400] on=0.90 fr=0.75 COn=0.479522 COnP=0.475425 COnPOff=0.325321 combo=1.44s elapsed=608.2s
val_threshold [356/400] on=0.90 fr=0.80 COn=0.478595 COnP=0.474672 COnPOff=0.331022 combo=1.45s elapsed=609.7s
val_threshold [357/400] on=0.90 fr=0.85 COn=0.476767 COnP=0.473088 COnPOff=0.333028 combo=1.44s elapsed=611.1s
val_threshold [358/400] on=0.90 fr=0.90 COn=0.472084 COnP=0.469225 COnPOff=0.334062 combo=1.44s elapsed=612.5s
val_threshold [359/400] on=0.90 fr=0.95 COn=0.457454 COnP=0.455490 COnPOff=0.309191 combo=1.43s elapsed=614.0s
val_threshold [360/400] on=0.90 fr=1.00 COn=0.000000 COnP=0.000000 COnPOff=0.000000 combo=1.22s elapsed=615.2s
searched onset=0.90; current best onset=0.40 frame=0.45 val_COnP=0.802485
val_threshold [361/400] on=0.95 fr=0.05 COn=0.274741 COnP=0.245305 COnPOff=0.056148 combo=1.40s elapsed=616.6s
val_threshold [362/400] on=0.95 fr=0.10 COn=0.288584 COnP=0.268652 COnPOff=0.074128 combo=1.40s elapsed=618.0s
val_threshold [363/400] on=0.95 fr=0.15 COn=0.298203 COnP=0.282604 COnPOff=0.092011 combo=1.40s elapsed=619.4s
val_threshold [364/400] on=0.95 fr=0.20 COn=0.303055 COnP=0.290073 COnPOff=0.106358 combo=1.61s elapsed=621.0s
val_threshold [365/400] on=0.95 fr=0.25 COn=0.307211 COnP=0.296674 COnPOff=0.121924 combo=1.39s elapsed=622.4s
val_threshold [366/400] on=0.95 fr=0.30 COn=0.311590 COnP=0.301504 COnPOff=0.132316 combo=1.39s elapsed=623.8s
val_threshold [367/400] on=0.95 fr=0.35 COn=0.313193 COnP=0.303531 COnPOff=0.141578 combo=1.39s elapsed=625.2s
val_threshold [368/400] on=0.95 fr=0.40 COn=0.315787 COnP=0.306901 COnPOff=0.152803 combo=1.40s elapsed=626.6s
val_threshold [369/400] on=0.95 fr=0.45 COn=0.316800 COnP=0.309207 COnPOff=0.161198 combo=1.40s elapsed=628.0s
val_threshold [370/400] on=0.95 fr=0.50 COn=0.317056 COnP=0.310870 COnPOff=0.169552 combo=1.40s elapsed=629.4s
val_threshold [371/400] on=0.95 fr=0.55 COn=0.315700 COnP=0.309766 COnPOff=0.175964 combo=1.40s elapsed=630.8s
val_threshold [372/400] on=0.95 fr=0.60 COn=0.313070 COnP=0.308031 COnPOff=0.179872 combo=1.39s elapsed=632.2s
val_threshold [373/400] on=0.95 fr=0.65 COn=0.309051 COnP=0.305052 COnPOff=0.184385 combo=1.39s elapsed=633.6s
val_threshold [374/400] on=0.95 fr=0.70 COn=0.305264 COnP=0.302013 COnPOff=0.186816 combo=1.39s elapsed=635.0s
val_threshold [375/400] on=0.95 fr=0.75 COn=0.301193 COnP=0.298526 COnPOff=0.189929 combo=1.39s elapsed=636.3s
val_threshold [376/400] on=0.95 fr=0.80 COn=0.298381 COnP=0.296116 COnPOff=0.192213 combo=1.39s elapsed=637.7s
val_threshold [377/400] on=0.95 fr=0.85 COn=0.291875 COnP=0.289835 COnPOff=0.191718 combo=1.39s elapsed=639.1s
val_threshold [378/400] on=0.95 fr=0.90 COn=0.279508 COnP=0.278089 COnPOff=0.186497 combo=1.39s elapsed=640.5s
val_threshold [379/400] on=0.95 fr=0.95 COn=0.253480 COnP=0.252412 COnPOff=0.164560 combo=1.38s elapsed=641.9s
val_threshold [380/400] on=0.95 fr=1.00 COn=0.000000 COnP=0.000000 COnPOff=0.000000 combo=1.27s elapsed=643.2s
searched onset=0.95; current best onset=0.40 frame=0.45 val_COnP=0.802485
val_threshold [381/400] on=1.00 fr=0.05 COn=0.452520 COnP=0.412422 COnPOff=0.086572 combo=1.77s elapsed=644.9s
val_threshold [382/400] on=1.00 fr=0.10 COn=0.559479 COnP=0.534473 COnPOff=0.152099 combo=1.77s elapsed=646.7s
val_threshold [383/400] on=1.00 fr=0.15 COn=0.624256 COnP=0.604451 COnPOff=0.202398 combo=1.77s elapsed=648.5s
val_threshold [384/400] on=1.00 fr=0.20 COn=0.665557 COnP=0.646670 COnPOff=0.243715 combo=1.77s elapsed=650.3s
val_threshold [385/400] on=1.00 fr=0.25 COn=0.693900 COnP=0.675793 COnPOff=0.278518 combo=1.77s elapsed=652.0s
val_threshold [386/400] on=1.00 fr=0.30 COn=0.713998 COnP=0.695591 COnPOff=0.307625 combo=1.77s elapsed=653.8s
val_threshold [387/400] on=1.00 fr=0.35 COn=0.724826 COnP=0.707564 COnPOff=0.335003 combo=1.77s elapsed=655.6s
val_threshold [388/400] on=1.00 fr=0.40 COn=0.731380 COnP=0.714693 COnPOff=0.361546 combo=1.77s elapsed=657.3s
val_threshold [389/400] on=1.00 fr=0.45 COn=0.736694 COnP=0.721183 COnPOff=0.385964 combo=1.79s elapsed=659.1s
val_threshold [390/400] on=1.00 fr=0.50 COn=0.738181 COnP=0.723971 COnPOff=0.404720 combo=1.79s elapsed=660.9s
val_threshold [391/400] on=1.00 fr=0.55 COn=0.736888 COnP=0.723647 COnPOff=0.420665 combo=1.79s elapsed=662.7s
val_threshold [392/400] on=1.00 fr=0.60 COn=0.732179 COnP=0.720876 COnPOff=0.435072 combo=1.78s elapsed=664.5s
val_threshold [393/400] on=1.00 fr=0.65 COn=0.721325 COnP=0.711237 COnPOff=0.441451 combo=2.05s elapsed=666.5s
val_threshold [394/400] on=1.00 fr=0.70 COn=0.710638 COnP=0.701767 COnPOff=0.446962 combo=1.78s elapsed=668.3s
val_threshold [395/400] on=1.00 fr=0.75 COn=0.699504 COnP=0.691566 COnPOff=0.451083 combo=1.79s elapsed=670.1s
val_threshold [396/400] on=1.00 fr=0.80 COn=0.682986 COnP=0.676237 COnPOff=0.449881 combo=1.78s elapsed=671.9s
val_threshold [397/400] on=1.00 fr=0.85 COn=0.656437 COnP=0.651356 COnPOff=0.438476 combo=1.77s elapsed=673.6s
val_threshold [398/400] on=1.00 fr=0.90 COn=0.614342 COnP=0.610967 COnPOff=0.415000 combo=1.77s elapsed=675.4s
val_threshold [399/400] on=1.00 fr=0.95 COn=0.517843 COnP=0.515853 COnPOff=0.336504 combo=1.75s elapsed=677.2s
val_threshold [400/400] on=1.00 fr=1.00 COn=0.000000 COnP=0.000000 COnPOff=0.000000 combo=1.51s elapsed=678.7s
searched onset=1.00; current best onset=0.40 frame=0.45 val_COnP=0.802485
BEST_VAL_BY_COnP onset=0.40 frame=0.45 val_COn=0.818046 val_COnP=0.802485 val_COnPOff=0.501359
